<?xml version="1.0" encoding="UTF-8"?>
<testsuite name="br.com.mini_erp.MiniErpApplicationTests" tests="1" skipped="0" failures="0" errors="0" timestamp="2026-02-08T18:52:50.980Z" hostname="DESKTOP-J5TVF98" time="0.374">
  <properties/>
  <testcase name="contextLoads()" classname="br.com.mini_erp.MiniErpApplicationTests" time="0.374"/>
  <system-out><![CDATA[15:52:45.951 [Test worker] INFO org.springframework.test.context.support.AnnotationConfigContextLoaderUtils -- Could not detect default configuration classes for test class [br.com.mini_erp.MiniErpApplicationTests]: MiniErpApplicationTests does not declare any static, non-private, non-final, nested classes annotated with @Configuration.
15:52:46.059 [Test worker] INFO org.springframework.boot.test.context.SpringBootTestContextBootstrapper -- Found @SpringBootConfiguration br.com.mini_erp.MiniErpApplication for test class br.com.mini_erp.MiniErpApplicationTests

  .   ____          _            __ _ _
 /\\ / ___'_ __ _ _(_)_ __  __ _ \ \ \ \
( ( )\___ | '_ | '_| | '_ \/ _` | \ \ \ \
 \\/  ___)| |_)| | | | | || (_| |  ) ) ) )
  '  |____| .__|_| |_|_| |_\__, | / / / /
 =========|_|==============|___/=/_/_/_/

 :: Spring Boot ::               (v3.5.10)

2026-02-08T15:52:46.454-03:00  INFO 9680 --- [mini-erp] [    Test worker] b.com.mini_erp.MiniErpApplicationTests   : Starting MiniErpApplicationTests using Java 17.0.18 with PID 9680 (started by Hugo in D:\arg\Github\mini-erp)
2026-02-08T15:52:46.455-03:00  INFO 9680 --- [mini-erp] [    Test worker] b.com.mini_erp.MiniErpApplicationTests   : No active profile set, falling back to 1 default profile: "default"
2026-02-08T15:52:47.202-03:00  INFO 9680 --- [mini-erp] [    Test worker] .s.d.r.c.RepositoryConfigurationDelegate : Bootstrapping Spring Data JPA repositories in DEFAULT mode.
2026-02-08T15:52:47.278-03:00  INFO 9680 --- [mini-erp] [    Test worker] .s.d.r.c.RepositoryConfigurationDelegate : Finished Spring Data repository scanning in 64 ms. Found 6 JPA repository interfaces.
2026-02-08T15:52:47.856-03:00  INFO 9680 --- [mini-erp] [    Test worker] o.hibernate.jpa.internal.util.LogHelper  : HHH000204: Processing PersistenceUnitInfo [name: default]
2026-02-08T15:52:47.908-03:00  INFO 9680 --- [mini-erp] [    Test worker] org.hibernate.Version                    : HHH000412: Hibernate ORM core version 6.6.41.Final
2026-02-08T15:52:47.940-03:00  INFO 9680 --- [mini-erp] [    Test worker] o.h.c.internal.RegionFactoryInitiator    : HHH000026: Second-level cache disabled
2026-02-08T15:52:48.184-03:00  INFO 9680 --- [mini-erp] [    Test worker] o.s.o.j.p.SpringPersistenceUnitInfo      : No LoadTimeWeaver setup: ignoring JPA class transformer
2026-02-08T15:52:48.208-03:00  INFO 9680 --- [mini-erp] [    Test worker] com.zaxxer.hikari.HikariDataSource       : HikariPool-1 - Starting...
2026-02-08T15:52:48.359-03:00  INFO 9680 --- [mini-erp] [    Test worker] com.zaxxer.hikari.pool.HikariPool        : HikariPool-1 - Added connection org.postgresql.jdbc.PgConnection@54e94de9
2026-02-08T15:52:48.361-03:00  INFO 9680 --- [mini-erp] [    Test worker] com.zaxxer.hikari.HikariDataSource       : HikariPool-1 - Start completed.
2026-02-08T15:52:48.422-03:00  INFO 9680 --- [mini-erp] [    Test worker] org.hibernate.orm.connections.pooling    : HHH10001005: Database info:
	Database JDBC URL [Connecting through datasource 'HikariDataSource (HikariPool-1)']
	Database driver: undefined/unknown
	Database version: 15.15
	Autocommit mode: undefined/unknown
	Isolation level: undefined/unknown
	Minimum pool size: undefined/unknown
	Maximum pool size: undefined/unknown
2026-02-08T15:52:49.298-03:00  INFO 9680 --- [mini-erp] [    Test worker] o.h.e.t.j.p.i.JtaPlatformInitiator       : HHH000489: No JTA platform available (set 'hibernate.transaction.jta.platform' to enable JTA platform integration)
2026-02-08T15:52:49.412-03:00  INFO 9680 --- [mini-erp] [    Test worker] j.LocalContainerEntityManagerFactoryBean : Initialized JPA EntityManagerFactory for persistence unit 'default'
2026-02-08T15:52:49.711-03:00  INFO 9680 --- [mini-erp] [    Test worker] o.s.d.j.r.query.QueryEnhancerFactory     : Hibernate is in classpath; If applicable, HQL parser will be used.
2026-02-08T15:52:50.297-03:00  WARN 9680 --- [mini-erp] [    Test worker] JpaBaseConfiguration$JpaWebConfiguration : spring.jpa.open-in-view is enabled by default. Therefore, database queries may be performed during view rendering. Explicitly configure spring.jpa.open-in-view to disable this warning
2026-02-08T15:52:50.544-03:00  INFO 9680 --- [mini-erp] [    Test worker] eAuthenticationProviderManagerConfigurer : Global AuthenticationManager configured with AuthenticationProvider bean with name authenticationProvider
2026-02-08T15:52:50.545-03:00  WARN 9680 --- [mini-erp] [    Test worker] r$InitializeUserDetailsManagerConfigurer : Global AuthenticationManager configured with an AuthenticationProvider bean. UserDetailsService beans will not be used by Spring Security for automatically configuring username/password login. Consider removing the AuthenticationProvider bean. Alternatively, consider using the UserDetailsService in a manually instantiated DaoAuthenticationProvider. If the current configuration is intentional, to turn off this warning, increase the logging level of 'org.springframework.security.config.annotation.authentication.configuration.InitializeUserDetailsBeanManagerConfigurer' to ERROR
2026-02-08T15:52:50.966-03:00  INFO 9680 --- [mini-erp] [    Test worker] b.com.mini_erp.MiniErpApplicationTests   : Started MiniErpApplicationTests in 4.766 seconds (process running for 5.817)
]]></system-out>
  <system-err><![CDATA[]]></system-err>
</testsuite>
